=== Waterlily Benchmark ===
API: single
CCU Levels: 2000
Duration: 480s
Timeout: 3s
Threads: 12
Base URL: http://0.0.0.0:8080
Timestamp: 20260204_224931

Checking health endpoint...
Health check passed

----------------------------------------
Running benchmark: API=single, CCU=2000
Output: experiment/benchmarks/result_20260204_224931_single_product_2000.json

Loaded 10000000 product IDs
Building Zipfian CDF (s=1.15, N=10000000)...
Zipfian CDF ready. Top product expected ~0.0% of requests
Loaded 10000000 product IDs
Building Zipfian CDF (s=1.15, N=10000000)...
Zipfian CDF ready. Top product expected ~0.0% of requests
Loaded 10000000 product IDs
Building Zipfian CDF (s=1.15, N=10000000)...
Zipfian CDF ready. Top product expected ~0.0% of requests
Loaded 10000000 product IDs
Building Zipfian CDF (s=1.15, N=10000000)...
Zipfian CDF ready. Top product expected ~0.0% of requests
Loaded 10000000 product IDs
Building Zipfian CDF (s=1.15, N=10000000)...
Zipfian CDF ready. Top product expected ~0.0% of requests
Loaded 10000000 product IDs
Building Zipfian CDF (s=1.15, N=10000000)...
Zipfian CDF ready. Top product expected ~0.0% of requests
Loaded 10000000 product IDs
Building Zipfian CDF (s=1.15, N=10000000)...
Zipfian CDF ready. Top product expected ~0.0% of requests
Loaded 10000000 product IDs
Building Zipfian CDF (s=1.15, N=10000000)...
Zipfian CDF ready. Top product expected ~0.0% of requests
Loaded 10000000 product IDs
Building Zipfian CDF (s=1.15, N=10000000)...
Zipfian CDF ready. Top product expected ~0.0% of requests
Loaded 10000000 product IDs
Building Zipfian CDF (s=1.15, N=10000000)...
Zipfian CDF ready. Top product expected ~0.0% of requests
Loaded 10000000 product IDs
Building Zipfian CDF (s=1.15, N=10000000)...
Zipfian CDF ready. Top product expected ~0.0% of requests
Loaded 10000000 product IDs
Building Zipfian CDF (s=1.15, N=10000000)...
Zipfian CDF ready. Top product expected ~0.0% of requests
Results written to: experiment/benchmarks/result_20260204_224931_single_product_2000.json

--- Benchmark Results ---
Duration: 480.10 seconds
Successes: 14256334 (29694.35 RPS)
Latency: avg=455.73ms, p50=0.49ms, p95=2094.25ms, p99=2596.20ms
Errors: 3xx=0, 4xx=0, 5xx=0, socket=124275
Access pattern: Zipfian (s=1.150000, N=0)

To get cache metrics, query: curl http://localhost:8080/monitor/cache
Running 8m test @ http://0.0.0.0:8080
  12 threads and 2000 connections
  Thread Stats   Avg      Stdev     Max   +/- Stdev
    Latency   455.73ms  728.42ms   3.00s    81.82%
    Req/Sec     2.49k     2.74k   66.61k    90.53%
  14256334 requests in 8.00m, 68.97GB read
  Socket errors: connect 0, read 1, write 0, timeout 124274
Requests/sec:  29694.35
Transfer/sec:    147.10MB
JSON file created successfully: experiment/benchmarks/result_20260204_224931_single_product_2000.json

========================================
Benchmark complete!
Results saved to: experiment/benchmarks
Log file: experiment/benchmarks/result_20260204_224931__stdout_stderr.log

Generated JSON files:
-rw-r--r--@ 1 hoaidv  staff  1135 Feb  4 22:59 experiment/benchmarks/result_20260204_224931_single_product_2000.json
