=== Waterlily Benchmark ===
API: single
CCU Levels: 1000
Duration: 480s
Timeout: 3s
Threads: 12
Base URL: http://0.0.0.0:8080
Timestamp: 20260204_214808

Checking health endpoint...
Health check passed

----------------------------------------
Running benchmark: API=single, CCU=1000
Output: experiment/benchmarks/result_20260204_214808_single_product_1000.json

Loaded 10000000 product IDs
Building Zipfian CDF (s=1.1, N=10000000)...
Zipfian CDF ready. Top product expected ~0.0% of requests
Loaded 10000000 product IDs
Building Zipfian CDF (s=1.1, N=10000000)...
Zipfian CDF ready. Top product expected ~0.0% of requests
Loaded 10000000 product IDs
Building Zipfian CDF (s=1.1, N=10000000)...
Zipfian CDF ready. Top product expected ~0.0% of requests
Loaded 10000000 product IDs
Building Zipfian CDF (s=1.1, N=10000000)...
Zipfian CDF ready. Top product expected ~0.0% of requests
Loaded 10000000 product IDs
Building Zipfian CDF (s=1.1, N=10000000)...
Zipfian CDF ready. Top product expected ~0.0% of requests
Loaded 10000000 product IDs
Building Zipfian CDF (s=1.1, N=10000000)...
Zipfian CDF ready. Top product expected ~0.0% of requests
Loaded 10000000 product IDs
Building Zipfian CDF (s=1.1, N=10000000)...
Zipfian CDF ready. Top product expected ~0.0% of requests
Loaded 10000000 product IDs
Building Zipfian CDF (s=1.1, N=10000000)...
Zipfian CDF ready. Top product expected ~0.0% of requests
Loaded 10000000 product IDs
Building Zipfian CDF (s=1.1, N=10000000)...
Zipfian CDF ready. Top product expected ~0.0% of requests
Loaded 10000000 product IDs
Building Zipfian CDF (s=1.1, N=10000000)...
Zipfian CDF ready. Top product expected ~0.0% of requests
Loaded 10000000 product IDs
Building Zipfian CDF (s=1.1, N=10000000)...
Zipfian CDF ready. Top product expected ~0.0% of requests
Loaded 10000000 product IDs
Building Zipfian CDF (s=1.1, N=10000000)...
Zipfian CDF ready. Top product expected ~0.0% of requests
Results written to: experiment/benchmarks/result_20260204_214808_single_product_1000.json

--- Benchmark Results ---
Duration: 480.08 seconds
Successes: 11825630 (24632.53 RPS)
Latency: avg=282.66ms, p50=83.78ms, p95=1027.98ms, p99=1392.68ms
Errors: 3xx=0, 4xx=0, 5xx=0, socket=700
Access pattern: Zipfian (s=1.100000, N=0)

To get cache metrics, query: curl http://localhost:8080/monitor/cache
Running 8m test @ http://0.0.0.0:8080
  12 threads and 1000 connections
  Thread Stats   Avg      Stdev     Max   +/- Stdev
    Latency   282.66ms  370.53ms   3.00s    82.59%
    Req/Sec     1.94k     1.96k   36.77k    90.64%
  11825630 requests in 8.00m, 55.85GB read
  Socket errors: connect 0, read 0, write 0, timeout 700
Requests/sec:  24632.53
Transfer/sec:    119.13MB
JSON file created successfully: experiment/benchmarks/result_20260204_214808_single_product_1000.json

========================================
Benchmark complete!
Results saved to: experiment/benchmarks
Log file: experiment/benchmarks/result_20260204_214808__stdout_stderr.log

Generated JSON files:
-rw-r--r--@ 1 hoaidv  staff  1133 Feb  4 21:57 experiment/benchmarks/result_20260204_214808_single_product_1000.json
