=== Waterlily Benchmark ===
API: single
CCU Levels: 10000
Duration: 480s
Timeout: 3s
Threads: 12
Base URL: http://0.0.0.0:8080
Timestamp: 20260205_013216

Checking health endpoint...
Health check passed

----------------------------------------
Running benchmark: API=single, CCU=10000
Output: experiment/benchmarks/result_20260205_013216_single_product_10000.json

Loaded 10000000 product IDs
Building Zipfian CDF (s=1.4, N=10000000)...
Zipfian CDF ready. Top product expected ~0.0% of requests
Loaded 10000000 product IDs
Building Zipfian CDF (s=1.4, N=10000000)...
Zipfian CDF ready. Top product expected ~0.0% of requests
Loaded 10000000 product IDs
Building Zipfian CDF (s=1.4, N=10000000)...
Zipfian CDF ready. Top product expected ~0.0% of requests
Loaded 10000000 product IDs
Building Zipfian CDF (s=1.4, N=10000000)...
Zipfian CDF ready. Top product expected ~0.0% of requests
Loaded 10000000 product IDs
Building Zipfian CDF (s=1.4, N=10000000)...
Zipfian CDF ready. Top product expected ~0.0% of requests
Loaded 10000000 product IDs
Building Zipfian CDF (s=1.4, N=10000000)...
Zipfian CDF ready. Top product expected ~0.0% of requests
Loaded 10000000 product IDs
Building Zipfian CDF (s=1.4, N=10000000)...
Zipfian CDF ready. Top product expected ~0.0% of requests
Loaded 10000000 product IDs
Building Zipfian CDF (s=1.4, N=10000000)...
Zipfian CDF ready. Top product expected ~0.0% of requests
Loaded 10000000 product IDs
Building Zipfian CDF (s=1.4, N=10000000)...
Zipfian CDF ready. Top product expected ~0.0% of requests
Loaded 10000000 product IDs
Building Zipfian CDF (s=1.4, N=10000000)...
Zipfian CDF ready. Top product expected ~0.0% of requests
Loaded 10000000 product IDs
Building Zipfian CDF (s=1.4, N=10000000)...
Zipfian CDF ready. Top product expected ~0.0% of requests
Loaded 10000000 product IDs
Building Zipfian CDF (s=1.4, N=10000000)...
Zipfian CDF ready. Top product expected ~0.0% of requests
Results written to: experiment/benchmarks/result_20260205_013216_single_product_10000.json

--- Benchmark Results ---
Duration: 480.16 seconds
Successes: 35511664 (73958.11 RPS)
Latency: avg=246.65ms, p50=83.19ms, p95=1118.70ms, p99=1942.92ms
Errors: 3xx=0, 4xx=0, 5xx=0, socket=82701
Access pattern: Zipfian (s=1.400000, N=0)

To get cache metrics, query: curl http://localhost:8080/monitor/cache
Running 8m test @ http://0.0.0.0:8080
  12 threads and 10000 connections
  Thread Stats   Avg      Stdev     Max   +/- Stdev
    Latency   246.65ms  396.30ms   3.00s    88.30%
    Req/Sec     5.01k     6.58k   95.87k    90.86%
  35511665 requests in 8.00m, 189.80GB read
  Socket errors: connect 0, read 3183, write 1933, timeout 77585
  Non-2xx or 3xx responses: 1
Requests/sec:  73958.11
Transfer/sec:    404.77MB
JSON file created successfully: experiment/benchmarks/result_20260205_013216_single_product_10000.json

========================================
Benchmark complete!
Results saved to: experiment/benchmarks
Log file: experiment/benchmarks/result_20260205_013216__stdout_stderr.log

Generated JSON files:
-rw-r--r--@ 1 hoaidv  staff  1143 Feb  5 01:44 experiment/benchmarks/result_20260205_013216_single_product_10000.json
