=== Waterlily Benchmark ===
API: single
CCU Levels: 10000
Duration: 600s
Timeout: 3s
Threads: 12
Base URL: http://0.0.0.0:8080
Timestamp: 20260204_235831

Checking health endpoint...
Health check passed

----------------------------------------
Running benchmark: API=single, CCU=10000
Output: experiment/benchmarks/result_20260204_235831_single_product_10000.json

Loaded 10000000 product IDs
Building Zipfian CDF (s=1.4, N=10000000)...
Zipfian CDF ready. Top product expected ~0.0% of requests
Loaded 10000000 product IDs
Building Zipfian CDF (s=1.4, N=10000000)...
Zipfian CDF ready. Top product expected ~0.0% of requests
Loaded 10000000 product IDs
Building Zipfian CDF (s=1.4, N=10000000)...
Zipfian CDF ready. Top product expected ~0.0% of requests
Loaded 10000000 product IDs
Building Zipfian CDF (s=1.4, N=10000000)...
Zipfian CDF ready. Top product expected ~0.0% of requests
Loaded 10000000 product IDs
Building Zipfian CDF (s=1.4, N=10000000)...
Zipfian CDF ready. Top product expected ~0.0% of requests
Loaded 10000000 product IDs
Building Zipfian CDF (s=1.4, N=10000000)...
Zipfian CDF ready. Top product expected ~0.0% of requests
Loaded 10000000 product IDs
Building Zipfian CDF (s=1.4, N=10000000)...
Zipfian CDF ready. Top product expected ~0.0% of requests
Loaded 10000000 product IDs
Building Zipfian CDF (s=1.4, N=10000000)...
Zipfian CDF ready. Top product expected ~0.0% of requests
Loaded 10000000 product IDs
Building Zipfian CDF (s=1.4, N=10000000)...
Zipfian CDF ready. Top product expected ~0.0% of requests
Loaded 10000000 product IDs
Building Zipfian CDF (s=1.4, N=10000000)...
Zipfian CDF ready. Top product expected ~0.0% of requests
Loaded 10000000 product IDs
Building Zipfian CDF (s=1.4, N=10000000)...
Zipfian CDF ready. Top product expected ~0.0% of requests
Loaded 10000000 product IDs
Building Zipfian CDF (s=1.4, N=10000000)...
Zipfian CDF ready. Top product expected ~0.0% of requests
Results written to: experiment/benchmarks/result_20260204_235831_single_product_10000.json

--- Benchmark Results ---
Duration: 600.09 seconds
Successes: 37856609 (63085.39 RPS)
Latency: avg=158.17ms, p50=49.75ms, p95=709.02ms, p99=1397.71ms
Errors: 3xx=0, 4xx=0, 5xx=0, socket=47421
Access pattern: Zipfian (s=1.400000, N=0)

To get cache metrics, query: curl http://localhost:8080/monitor/cache
Running 10m test @ http://0.0.0.0:8080
  12 threads and 10000 connections
  Thread Stats   Avg      Stdev     Max   +/- Stdev
    Latency   158.17ms  280.43ms   3.00s    88.55%
    Req/Sec     4.29k     6.02k  108.77k    92.22%
  37864153 requests in 10.00m, 202.34GB read
  Socket errors: connect 0, read 4875, write 4635, timeout 37911
  Non-2xx or 3xx responses: 7544
Requests/sec:  63097.96
Transfer/sec:    345.27MB
JSON file created successfully: experiment/benchmarks/result_20260204_235831_single_product_10000.json

========================================
Benchmark complete!
Results saved to: experiment/benchmarks
Log file: experiment/benchmarks/result_20260204_235831__stdout_stderr.log

Generated JSON files:
-rw-r--r--@ 1 hoaidv  staff  1142 Feb  5 00:12 experiment/benchmarks/result_20260204_235831_single_product_10000.json
