=== Waterlily Benchmark ===
API: single
CCU Levels: 5000
Duration: 600s
Timeout: 3s
Threads: 12
Base URL: http://0.0.0.0:8080
Timestamp: 20260204_234405

Checking health endpoint...
Health check passed

----------------------------------------
Running benchmark: API=single, CCU=5000
Output: experiment/benchmarks/result_20260204_234405_single_product_5000.json

Loaded 10000000 product IDs
Building Zipfian CDF (s=1.4, N=10000000)...
Zipfian CDF ready. Top product expected ~0.0% of requests
Loaded 10000000 product IDs
Building Zipfian CDF (s=1.4, N=10000000)...
Zipfian CDF ready. Top product expected ~0.0% of requests
Loaded 10000000 product IDs
Building Zipfian CDF (s=1.4, N=10000000)...
Zipfian CDF ready. Top product expected ~0.0% of requests
Loaded 10000000 product IDs
Building Zipfian CDF (s=1.4, N=10000000)...
Zipfian CDF ready. Top product expected ~0.0% of requests
Loaded 10000000 product IDs
Building Zipfian CDF (s=1.4, N=10000000)...
Zipfian CDF ready. Top product expected ~0.0% of requests
Loaded 10000000 product IDs
Building Zipfian CDF (s=1.4, N=10000000)...
Zipfian CDF ready. Top product expected ~0.0% of requests
Loaded 10000000 product IDs
Building Zipfian CDF (s=1.4, N=10000000)...
Zipfian CDF ready. Top product expected ~0.0% of requests
Loaded 10000000 product IDs
Building Zipfian CDF (s=1.4, N=10000000)...
Zipfian CDF ready. Top product expected ~0.0% of requests
Loaded 10000000 product IDs
Building Zipfian CDF (s=1.4, N=10000000)...
Zipfian CDF ready. Top product expected ~0.0% of requests
Loaded 10000000 product IDs
Building Zipfian CDF (s=1.4, N=10000000)...
Zipfian CDF ready. Top product expected ~0.0% of requests
Loaded 10000000 product IDs
Building Zipfian CDF (s=1.4, N=10000000)...
Zipfian CDF ready. Top product expected ~0.0% of requests
Loaded 10000000 product IDs
Building Zipfian CDF (s=1.4, N=10000000)...
Zipfian CDF ready. Top product expected ~0.0% of requests
Results written to: experiment/benchmarks/result_20260204_234405_single_product_5000.json

--- Benchmark Results ---
Duration: 600.09 seconds
Successes: 90268470 (150423.98 RPS)
Latency: avg=43.13ms, p50=24.12ms, p95=122.79ms, p99=243.98ms
Errors: 3xx=0, 4xx=0, 5xx=0, socket=1657
Access pattern: Zipfian (s=1.400000, N=0)

To get cache metrics, query: curl http://localhost:8080/monitor/cache
Running 10m test @ http://0.0.0.0:8080
  12 threads and 5000 connections
  Thread Stats   Avg      Stdev     Max   +/- Stdev
    Latency    43.13ms   89.89ms   3.00s    96.06%
    Req/Sec    10.66k     8.62k  113.83k    83.22%
  90268470 requests in 10.00m, 482.44GB read
  Socket errors: connect 0, read 438, write 814, timeout 405
Requests/sec: 150423.98
Transfer/sec:    823.23MB
JSON file created successfully: experiment/benchmarks/result_20260204_234405_single_product_5000.json

========================================
Benchmark complete!
Results saved to: experiment/benchmarks
Log file: experiment/benchmarks/result_20260204_234405__stdout_stderr.log

Generated JSON files:
-rw-r--r--@ 1 hoaidv  staff  1135 Feb  4 23:58 experiment/benchmarks/result_20260204_234405_single_product_5000.json
